<?xml version="1.0" encoding="UTF-8"?>
<robot generator="Robot 4.0.1 (Python 3.7.9 on win32)" generated="20210429 13:05:07.727" rpa="false" schemaversion="2">
<suite id="s1" name="Main" source="C:\Users\biak\Desktop\director_autoui_robotselenium_updated\02_Test-deploy-conf\main.robot">
<kw name="Begin Web Test" library="common" type="SETUP">
<kw name="Open Browser" library="SeleniumLibrary">
<arg>about:blank</arg>
<arg>${BROWSER}</arg>
<doc>Opens a new browser instance to the optional ``url``.</doc>
<msg timestamp="20210429 13:05:08.113" level="INFO">Opening browser 'chrome' to base url 'about:blank'.</msg>
<status status="PASS" starttime="20210429 13:05:08.113" endtime="20210429 13:05:09.353"/>
</kw>
<kw name="Maximize Browser Window" library="SeleniumLibrary">
<doc>Maximizes current browser window.</doc>
<status status="PASS" starttime="20210429 13:05:09.353" endtime="20210429 13:05:09.469"/>
</kw>
<kw name="Set Window Size" library="SeleniumLibrary">
<arg>1600</arg>
<arg>1200</arg>
<doc>Sets current windows size to given ``width`` and ``height``.</doc>
<status status="PASS" starttime="20210429 13:05:09.470" endtime="20210429 13:05:09.706"/>
</kw>
<status status="PASS" starttime="20210429 13:05:08.112" endtime="20210429 13:05:09.706"/>
</kw>
<test id="s1-t1" name="charger">
<kw name="charger la page web" library="sp">
<kw name="Go To" library="SeleniumLibrary">
<arg>${DIRECTOR_URL}</arg>
<doc>Navigates the current browser window to the provided ``url``.</doc>
<msg timestamp="20210429 13:05:09.708" level="INFO">Opening url 'https://10.1.20.4:4443/titan-ui/login.php'</msg>
<status status="PASS" starttime="20210429 13:05:09.708" endtime="20210429 13:05:10.053"/>
</kw>
<kw name="Click Element" library="SeleniumLibrary">
<arg>id=details-button</arg>
<doc>Click the element identified by ``locator``.</doc>
<msg timestamp="20210429 13:05:10.053" level="INFO">Clicking element 'id=details-button'.</msg>
<status status="PASS" starttime="20210429 13:05:10.053" endtime="20210429 13:05:10.094"/>
</kw>
<kw name="Click Element" library="SeleniumLibrary">
<arg>id=proceed-link</arg>
<doc>Click the element identified by ``locator``.</doc>
<msg timestamp="20210429 13:05:10.094" level="INFO">Clicking element 'id=proceed-link'.</msg>
<status status="PASS" starttime="20210429 13:05:10.094" endtime="20210429 13:05:13.377"/>
</kw>
<kw name="Wait Until Page Contains" library="SeleniumLibrary">
<arg>Login</arg>
<doc>Waits until ``text`` appears on the current page.</doc>
<status status="PASS" starttime="20210429 13:05:13.377" endtime="20210429 13:05:13.388"/>
</kw>
<status status="PASS" starttime="20210429 13:05:09.707" endtime="20210429 13:05:13.388"/>
</kw>
<tag>charger</tag>
<status status="PASS" starttime="20210429 13:05:09.707" endtime="20210429 13:05:13.388"/>
</test>
<test id="s1-t2" name="Login Partner">
<kw name="Test two login scenarios partner" library="partner">
<arg>${another_login_partner}</arg>
<kw name="Attempt Login" library="partner">
<arg>${Credentials}</arg>
<kw name="Wait Until Page Contains Element" library="SeleniumLibrary">
<arg>${SIGN_IN_EMAIL}</arg>
<doc>Waits until the element ``locator`` appears on the current page.</doc>
<status status="PASS" starttime="20210429 13:05:13.390" endtime="20210429 13:05:13.399"/>
</kw>
<kw name="Enter Credentials" library="SignIn">
<arg>${Credentials}</arg>
<kw name="Input Text" library="SeleniumLibrary">
<arg>name=uname</arg>
<arg>${Credentials.Email}</arg>
<doc>Types the given ``text`` into the text field identified by ``locator``.</doc>
<msg timestamp="20210429 13:05:13.401" level="INFO">Typing text 'admin@pap01.com' into text field 'name=uname'.</msg>
<status status="PASS" starttime="20210429 13:05:13.400" endtime="20210429 13:05:13.477"/>
</kw>
<kw name="Input Text" library="SeleniumLibrary">
<arg>name=passwd</arg>
<arg>${Credentials.Password}</arg>
<doc>Types the given ``text`` into the text field identified by ``locator``.</doc>
<msg timestamp="20210429 13:05:13.479" level="INFO">Typing text 'Adminpap02!' into text field 'name=passwd'.</msg>
<status status="PASS" starttime="20210429 13:05:13.477" endtime="20210429 13:05:13.553"/>
</kw>
<status status="PASS" starttime="20210429 13:05:13.400" endtime="20210429 13:05:13.553"/>
</kw>
<kw name="Get Value" library="SeleniumLibrary">
<var>${pwd}</var>
<arg>//*[@id="password"]</arg>
<doc>Returns the value attribute of the element identified by ``locator``.</doc>
<msg timestamp="20210429 13:05:13.567" level="INFO">${pwd} = Adminpap02!</msg>
<status status="PASS" starttime="20210429 13:05:13.553" endtime="20210429 13:05:13.567"/>
</kw>
<kw name="Click Submit" library="SignIn">
<kw name="Click Button" library="SeleniumLibrary">
<arg>${LOGIN_SUBMIT_BUTTON}</arg>
<doc>Clicks the button identified by ``locator``.</doc>
<msg timestamp="20210429 13:05:13.568" level="INFO">Clicking button 'xpath=//*[@id="login"]'.</msg>
<status status="PASS" starttime="20210429 13:05:13.568" endtime="20210429 13:05:17.136"/>
</kw>
<status status="PASS" starttime="20210429 13:05:13.567" endtime="20210429 13:05:17.137"/>
</kw>
<if>
<branch type="IF" condition="'${pwd}' == 'Adminpap01!'">
<kw name="change default password" library="partner">
<status status="NOT RUN" starttime="20210429 13:05:17.137" endtime="20210429 13:05:17.137"/>
</kw>
<status status="NOT RUN" starttime="20210429 13:05:17.137" endtime="20210429 13:05:17.137"/>
</branch>
<status status="PASS" starttime="20210429 13:05:17.137" endtime="20210429 13:05:17.137"/>
</if>
<status status="PASS" starttime="20210429 13:05:13.390" endtime="20210429 13:05:17.137"/>
</kw>
<status status="PASS" starttime="20210429 13:05:13.390" endtime="20210429 13:05:17.137"/>
</kw>
<kw name="Test two login scenarios partner" library="partner">
<arg>${first_login_partner}</arg>
<kw name="Attempt Login" library="partner">
<arg>${Credentials}</arg>
<kw name="Wait Until Page Contains Element" library="SeleniumLibrary">
<arg>${SIGN_IN_EMAIL}</arg>
<doc>Waits until the element ``locator`` appears on the current page.</doc>
<kw name="Capture Page Screenshot" library="SeleniumLibrary">
<doc>Takes a screenshot of the current page and embeds it into a log file.</doc>
<msg timestamp="20210429 13:05:22.529" level="INFO" html="true">&lt;/td&gt;&lt;/tr&gt;&lt;tr&gt;&lt;td colspan="3"&gt;&lt;a href="selenium-screenshot-38.png"&gt;&lt;img src="selenium-screenshot-38.png" width="800px"&gt;&lt;/a&gt;</msg>
<status status="PASS" starttime="20210429 13:05:22.336" endtime="20210429 13:05:22.529"/>
</kw>
<msg timestamp="20210429 13:05:22.532" level="FAIL">Element 'xpath=//*[@id="username"]' did not appear in 5 seconds.</msg>
<status status="FAIL" starttime="20210429 13:05:17.139" endtime="20210429 13:05:22.532"/>
</kw>
<kw name="Enter Credentials" library="SignIn">
<arg>${Credentials}</arg>
<status status="NOT RUN" starttime="20210429 13:05:22.533" endtime="20210429 13:05:22.533"/>
</kw>
<kw name="Get Value" library="SeleniumLibrary">
<var>${pwd}</var>
<arg>//*[@id="password"]</arg>
<doc>Returns the value attribute of the element identified by ``locator``.</doc>
<status status="NOT RUN" starttime="20210429 13:05:22.533" endtime="20210429 13:05:22.533"/>
</kw>
<kw name="Click Submit" library="SignIn">
<status status="NOT RUN" starttime="20210429 13:05:22.533" endtime="20210429 13:05:22.533"/>
</kw>
<if>
<branch type="IF" condition="'${pwd}' == 'Adminpap01!'">
<kw name="change default password" library="partner">
<status status="NOT RUN" starttime="20210429 13:05:22.533" endtime="20210429 13:05:22.533"/>
</kw>
<status status="NOT RUN" starttime="20210429 13:05:22.533" endtime="20210429 13:05:22.533"/>
</branch>
<status status="NOT RUN" starttime="20210429 13:05:22.533" endtime="20210429 13:05:22.533"/>
</if>
<status status="FAIL" starttime="20210429 13:05:17.138" endtime="20210429 13:05:22.533"/>
</kw>
<status status="FAIL" starttime="20210429 13:05:17.138" endtime="20210429 13:05:22.534"/>
</kw>
<tag>login_partner</tag>
<status status="FAIL" starttime="20210429 13:05:13.389" endtime="20210429 13:05:22.534">Element 'xpath=//*[@id="username"]' did not appear in 5 seconds.</status>
</test>
<test id="s1-t3" name="Logout">
<kw name="Set Selenium Speed" library="SeleniumLibrary">
<arg>0.3</arg>
<doc>Sets the delay that is waited after each Selenium command.</doc>
<status status="PASS" starttime="20210429 13:05:22.536" endtime="20210429 13:05:22.536"/>
</kw>
<kw name="logout partner level" library="partner">
<kw name="Click Element" library="SeleniumLibrary">
<arg>id=userName</arg>
<doc>Click the element identified by ``locator``.</doc>
<msg timestamp="20210429 13:05:22.537" level="INFO">Clicking element 'id=userName'.</msg>
<status status="PASS" starttime="20210429 13:05:22.537" endtime="20210429 13:05:23.174"/>
</kw>
<kw name="Click Link" library="SeleniumLibrary">
<arg>xpath=/html/body/div[1]/div/div[2]/div/nav/ul[2]/li[1]/div/div[2]/a[2]</arg>
<doc>Clicks a link identified by ``locator``.</doc>
<msg timestamp="20210429 13:05:23.174" level="INFO">Clicking link 'xpath=/html/body/div[1]/div/div[2]/div/nav/ul[2]/li[1]/div/div[2]/a[2]'.</msg>
<status status="PASS" starttime="20210429 13:05:23.174" endtime="20210429 13:05:25.475"/>
</kw>
<status status="PASS" starttime="20210429 13:05:22.536" endtime="20210429 13:05:25.475"/>
</kw>
<tag>logout</tag>
<status status="PASS" starttime="20210429 13:05:22.535" endtime="20210429 13:05:25.476"/>
</test>
<kw name="End Web Test" library="common" type="TEARDOWN">
<kw name="Close Browser" library="SeleniumLibrary">
<doc>Closes the current browser.</doc>
<status status="PASS" starttime="20210429 13:05:25.477" endtime="20210429 13:05:27.829"/>
</kw>
<status status="PASS" starttime="20210429 13:05:25.477" endtime="20210429 13:05:27.830"/>
</kw>
<status status="FAIL" starttime="20210429 13:05:07.732" endtime="20210429 13:05:27.830"/>
</suite>
<statistics>
<total>
<stat pass="2" fail="1" skip="0">All Tests</stat>
</total>
<tag>
<stat pass="1" fail="0" skip="0">charger</stat>
<stat pass="0" fail="1" skip="0">login_partner</stat>
<stat pass="1" fail="0" skip="0">logout</stat>
</tag>
<suite>
<stat pass="2" fail="1" skip="0" id="s1" name="Main">Main</stat>
</suite>
</statistics>
<errors>
</errors>
</robot>
