<?xml version="1.0" encoding="UTF-8"?>
<robot generator="Robot 4.0.1 (Python 3.7.9 on win32)" generated="20210427 18:29:30.569" rpa="false" schemaversion="2">
<suite id="s1" name="Main" source="C:\Users\biak\Desktop\director_autoui_robotselenium_updated\04_Test-deploy-overlay-default_hs\main.robot">
<kw name="Begin Web Test" library="common" type="SETUP">
<kw name="Open Browser" library="SeleniumLibrary">
<arg>about:blank</arg>
<arg>${BROWSER}</arg>
<doc>Opens a new browser instance to the optional ``url``.</doc>
<msg timestamp="20210427 18:29:30.944" level="INFO">Opening browser 'chrome' to base url 'about:blank'.</msg>
<status status="PASS" starttime="20210427 18:29:30.944" endtime="20210427 18:29:32.186"/>
</kw>
<kw name="Maximize Browser Window" library="SeleniumLibrary">
<doc>Maximizes current browser window.</doc>
<status status="PASS" starttime="20210427 18:29:32.187" endtime="20210427 18:29:32.298"/>
</kw>
<kw name="Set Window Size" library="SeleniumLibrary">
<arg>1600</arg>
<arg>1200</arg>
<doc>Sets current windows size to given ``width`` and ``height``.</doc>
<status status="PASS" starttime="20210427 18:29:32.298" endtime="20210427 18:29:32.517"/>
</kw>
<status status="PASS" starttime="20210427 18:29:30.943" endtime="20210427 18:29:32.518"/>
</kw>
<test id="s1-t1" name="login">
<kw name="charger la page web" library="partner">
<kw name="Go To" library="SeleniumLibrary">
<arg>${DIRECTOR_URL}</arg>
<doc>Navigates the current browser window to the provided ``url``.</doc>
<msg timestamp="20210427 18:29:32.521" level="INFO">Opening url 'https://10.1.20.4:4443/titan-ui/login.php'</msg>
<status status="PASS" starttime="20210427 18:29:32.521" endtime="20210427 18:29:32.964"/>
</kw>
<kw name="Click Element" library="SeleniumLibrary">
<arg>id=details-button</arg>
<doc>Click the element identified by ``locator``.</doc>
<msg timestamp="20210427 18:29:32.965" level="INFO">Clicking element 'id=details-button'.</msg>
<status status="PASS" starttime="20210427 18:29:32.965" endtime="20210427 18:29:33.007"/>
</kw>
<kw name="Click Element" library="SeleniumLibrary">
<arg>id=proceed-link</arg>
<doc>Click the element identified by ``locator``.</doc>
<msg timestamp="20210427 18:29:33.008" level="INFO">Clicking element 'id=proceed-link'.</msg>
<status status="PASS" starttime="20210427 18:29:33.008" endtime="20210427 18:29:35.336"/>
</kw>
<kw name="Wait Until Page Contains" library="SeleniumLibrary">
<arg>Login</arg>
<doc>Waits until ``text`` appears on the current page.</doc>
<status status="PASS" starttime="20210427 18:29:35.336" endtime="20210427 18:29:35.346"/>
</kw>
<status status="PASS" starttime="20210427 18:29:32.520" endtime="20210427 18:29:35.346"/>
</kw>
<kw name="login partner level1" library="partner">
<kw name="Clear Element Text" library="SeleniumLibrary">
<arg>name=uname</arg>
<doc>Clears the value of the text-input-element identified by ``locator``.</doc>
<status status="PASS" starttime="20210427 18:29:35.347" endtime="20210427 18:29:35.380"/>
</kw>
<kw name="Input Text" library="SeleniumLibrary">
<arg>name=uname</arg>
<arg>${PARTNER_LOGIN}</arg>
<doc>Types the given ``text`` into the text field identified by ``locator``.</doc>
<msg timestamp="20210427 18:29:35.380" level="INFO">Typing text 'admin@pap01.com' into text field 'name=uname'.</msg>
<status status="PASS" starttime="20210427 18:29:35.380" endtime="20210427 18:29:35.442"/>
</kw>
<kw name="Clear Element Text" library="SeleniumLibrary">
<arg>name=passwd</arg>
<doc>Clears the value of the text-input-element identified by ``locator``.</doc>
<status status="PASS" starttime="20210427 18:29:35.442" endtime="20210427 18:29:35.475"/>
</kw>
<kw name="Input Text" library="SeleniumLibrary">
<arg>name=passwd</arg>
<arg>${NEW_PARTNER_PASSWORD}</arg>
<doc>Types the given ``text`` into the text field identified by ``locator``.</doc>
<msg timestamp="20210427 18:29:35.475" level="INFO">Typing text 'Adminpap02!' into text field 'name=passwd'.</msg>
<status status="PASS" starttime="20210427 18:29:35.475" endtime="20210427 18:29:35.532"/>
</kw>
<kw name="Click Element" library="SeleniumLibrary">
<arg>xpath=//*[@id="login"]</arg>
<doc>Click the element identified by ``locator``.</doc>
<msg timestamp="20210427 18:29:35.533" level="INFO">Clicking element 'xpath=//*[@id="login"]'.</msg>
<status status="PASS" starttime="20210427 18:29:35.533" endtime="20210427 18:29:38.663"/>
</kw>
<status status="PASS" starttime="20210427 18:29:35.347" endtime="20210427 18:29:38.663"/>
</kw>
<status status="PASS" starttime="20210427 18:29:32.518" endtime="20210427 18:29:38.665"/>
</test>
<test id="s1-t2" name="Deploy overlay default mesh">
<kw name="Set Selenium Speed" library="SeleniumLibrary">
<arg>0.1s</arg>
<doc>Sets the delay that is waited after each Selenium command.</doc>
<status status="PASS" starttime="20210427 18:29:38.668" endtime="20210427 18:29:38.669"/>
</kw>
<kw name="deploy default hs overlay" library="partner">
<kw name="Click Element" library="SeleniumLibrary">
<arg>id=dwhpMenuOverlaysheaderList</arg>
<doc>Click the element identified by ``locator``.</doc>
<msg timestamp="20210427 18:29:38.670" level="INFO">Clicking element 'id=dwhpMenuOverlaysheaderList'.</msg>
<status status="PASS" starttime="20210427 18:29:38.670" endtime="20210427 18:29:38.926"/>
</kw>
<kw name="Wait Until Page Contains Element" library="SeleniumLibrary">
<arg>id=dwhpMenuOverlay</arg>
<doc>Waits until the element ``locator`` appears on the current page.</doc>
<status status="PASS" starttime="20210427 18:29:38.926" endtime="20210427 18:29:39.037"/>
</kw>
<kw name="Click Element" library="SeleniumLibrary">
<arg>id=dwhpMenuOverlay</arg>
<doc>Click the element identified by ``locator``.</doc>
<msg timestamp="20210427 18:29:39.037" level="INFO">Clicking element 'id=dwhpMenuOverlay'.</msg>
<status status="PASS" starttime="20210427 18:29:39.037" endtime="20210427 18:29:39.281"/>
</kw>
<kw name="Wait Until Page Contains Element" library="SeleniumLibrary">
<arg>//*[@id="overlayDataTable_wrapper"]/div[1]/a[1]</arg>
<doc>Waits until the element ``locator`` appears on the current page.</doc>
<status status="PASS" starttime="20210427 18:29:39.281" endtime="20210427 18:29:40.148"/>
</kw>
<kw name="Click Element" library="SeleniumLibrary">
<arg>//*[@id="overlayDataTable_wrapper"]/div[1]/a[1]</arg>
<doc>Click the element identified by ``locator``.</doc>
<msg timestamp="20210427 18:29:40.148" level="INFO">Clicking element '//*[@id="overlayDataTable_wrapper"]/div[1]/a[1]'.</msg>
<status status="PASS" starttime="20210427 18:29:40.148" endtime="20210427 18:29:41.582"/>
</kw>
<kw name="Clear Element Text" library="SeleniumLibrary">
<arg>id=overlayName</arg>
<doc>Clears the value of the text-input-element identified by ``locator``.</doc>
<status status="PASS" starttime="20210427 18:29:41.582" endtime="20210427 18:29:41.820"/>
</kw>
<kw name="Input Text" library="SeleniumLibrary">
<arg>id=overlayName</arg>
<arg>Default_hs</arg>
<doc>Types the given ``text`` into the text field identified by ``locator``.</doc>
<msg timestamp="20210427 18:29:41.820" level="INFO">Typing text 'Default_hs' into text field 'id=overlayName'.</msg>
<status status="PASS" starttime="20210427 18:29:41.820" endtime="20210427 18:29:42.205"/>
</kw>
<kw name="Click Element" library="SeleniumLibrary">
<arg>id=topology1</arg>
<doc>Click the element identified by ``locator``.</doc>
<msg timestamp="20210427 18:29:42.206" level="INFO">Clicking element 'id=topology1'.</msg>
<status status="PASS" starttime="20210427 18:29:42.205" endtime="20210427 18:29:42.568"/>
</kw>
<kw name="Click Element" library="SeleniumLibrary">
<arg>id=WanLink</arg>
<doc>Click the element identified by ``locator``.</doc>
<msg timestamp="20210427 18:29:42.568" level="INFO">Clicking element 'id=WanLink'.</msg>
<status status="PASS" starttime="20210427 18:29:42.568" endtime="20210427 18:29:43.205"/>
</kw>
<kw name="Click Element" library="SeleniumLibrary">
<arg>//*[@id="WanLink"]/span/span[1]/span/ul/li[1]</arg>
<doc>Click the element identified by ``locator``.</doc>
<msg timestamp="20210427 18:29:43.206" level="INFO">Clicking element '//*[@id="WanLink"]/span/span[1]/span/ul/li[1]'.</msg>
<status status="PASS" starttime="20210427 18:29:43.205" endtime="20210427 18:29:43.459"/>
</kw>
<kw name="Wait Until Page Contains" library="SeleniumLibrary">
<arg>internet</arg>
<doc>Waits until ``text`` appears on the current page.</doc>
<status status="PASS" starttime="20210427 18:29:43.459" endtime="20210427 18:29:43.572"/>
</kw>
<kw name="Click Button" library="SeleniumLibrary">
<arg>//*[@id="addOverlayBtn"]</arg>
<doc>Clicks the button identified by ``locator``.</doc>
<msg timestamp="20210427 18:29:43.572" level="INFO">Clicking button '//*[@id="addOverlayBtn"]'.</msg>
<status status="PASS" starttime="20210427 18:29:43.572" endtime="20210427 18:29:44.133"/>
</kw>
<status status="PASS" starttime="20210427 18:29:38.669" endtime="20210427 18:29:44.133"/>
</kw>
<status status="PASS" starttime="20210427 18:29:38.667" endtime="20210427 18:29:44.134"/>
</test>
<kw name="End Web Test" library="common" type="TEARDOWN">
<kw name="Close Browser" library="SeleniumLibrary">
<doc>Closes the current browser.</doc>
<status status="PASS" starttime="20210427 18:29:44.136" endtime="20210427 18:29:46.475"/>
</kw>
<status status="PASS" starttime="20210427 18:29:44.135" endtime="20210427 18:29:46.475"/>
</kw>
<status status="PASS" starttime="20210427 18:29:30.574" endtime="20210427 18:29:46.475"/>
</suite>
<statistics>
<total>
<stat pass="2" fail="0" skip="0">All Tests</stat>
</total>
<tag>
</tag>
<suite>
<stat pass="2" fail="0" skip="0" id="s1" name="Main">Main</stat>
</suite>
</statistics>
<errors>
</errors>
</robot>
