<?xml version="1.0" encoding="UTF-8"?>
<robot generator="Robot 4.0.1 (Python 3.7.9 on win32)" generated="20210429 13:07:24.175" rpa="false" schemaversion="2">
<suite id="s1" name="Main" source="C:\Users\biak\Desktop\director_autoui_robotselenium_updated\03_Test-deploy-overlay-default_mesh\main.robot">
<kw name="Begin Web Test" library="common" type="SETUP">
<kw name="Open Browser" library="SeleniumLibrary">
<arg>about:blank</arg>
<arg>${BROWSER}</arg>
<doc>Opens a new browser instance to the optional ``url``.</doc>
<msg timestamp="20210429 13:07:24.550" level="INFO">Opening browser 'chrome' to base url 'about:blank'.</msg>
<status status="PASS" starttime="20210429 13:07:24.549" endtime="20210429 13:07:25.764"/>
</kw>
<kw name="Maximize Browser Window" library="SeleniumLibrary">
<doc>Maximizes current browser window.</doc>
<status status="PASS" starttime="20210429 13:07:25.764" endtime="20210429 13:07:25.877"/>
</kw>
<kw name="Set Window Size" library="SeleniumLibrary">
<arg>1600</arg>
<arg>1200</arg>
<doc>Sets current windows size to given ``width`` and ``height``.</doc>
<status status="PASS" starttime="20210429 13:07:25.877" endtime="20210429 13:07:26.095"/>
</kw>
<status status="PASS" starttime="20210429 13:07:24.549" endtime="20210429 13:07:26.095"/>
</kw>
<test id="s1-t1" name="login">
<kw name="charger la page web" library="partner">
<kw name="Go To" library="SeleniumLibrary">
<arg>${DIRECTOR_URL}</arg>
<doc>Navigates the current browser window to the provided ``url``.</doc>
<msg timestamp="20210429 13:07:26.096" level="INFO">Opening url 'https://10.1.20.4:4443/titan-ui/login.php'</msg>
<status status="PASS" starttime="20210429 13:07:26.096" endtime="20210429 13:07:26.426"/>
</kw>
<kw name="Click Element" library="SeleniumLibrary">
<arg>id=details-button</arg>
<doc>Click the element identified by ``locator``.</doc>
<msg timestamp="20210429 13:07:26.427" level="INFO">Clicking element 'id=details-button'.</msg>
<status status="PASS" starttime="20210429 13:07:26.426" endtime="20210429 13:07:26.467"/>
</kw>
<kw name="Click Element" library="SeleniumLibrary">
<arg>id=proceed-link</arg>
<doc>Click the element identified by ``locator``.</doc>
<msg timestamp="20210429 13:07:26.467" level="INFO">Clicking element 'id=proceed-link'.</msg>
<status status="PASS" starttime="20210429 13:07:26.467" endtime="20210429 13:07:29.594"/>
</kw>
<kw name="Wait Until Page Contains" library="SeleniumLibrary">
<arg>Login</arg>
<doc>Waits until ``text`` appears on the current page.</doc>
<status status="PASS" starttime="20210429 13:07:29.595" endtime="20210429 13:07:29.606"/>
</kw>
<status status="PASS" starttime="20210429 13:07:26.096" endtime="20210429 13:07:29.606"/>
</kw>
<kw name="login partner level1" library="partner">
<kw name="Clear Element Text" library="SeleniumLibrary">
<arg>name=uname</arg>
<doc>Clears the value of the text-input-element identified by ``locator``.</doc>
<status status="PASS" starttime="20210429 13:07:29.607" endtime="20210429 13:07:29.643"/>
</kw>
<kw name="Input Text" library="SeleniumLibrary">
<arg>name=uname</arg>
<arg>${PARTNER_LOGIN}</arg>
<doc>Types the given ``text`` into the text field identified by ``locator``.</doc>
<msg timestamp="20210429 13:07:29.644" level="INFO">Typing text 'admin@pap01.com' into text field 'name=uname'.</msg>
<status status="PASS" starttime="20210429 13:07:29.643" endtime="20210429 13:07:29.711"/>
</kw>
<kw name="Clear Element Text" library="SeleniumLibrary">
<arg>name=passwd</arg>
<doc>Clears the value of the text-input-element identified by ``locator``.</doc>
<status status="PASS" starttime="20210429 13:07:29.712" endtime="20210429 13:07:29.745"/>
</kw>
<kw name="Input Text" library="SeleniumLibrary">
<arg>name=passwd</arg>
<arg>${NEW_PARTNER_PASSWORD}</arg>
<doc>Types the given ``text`` into the text field identified by ``locator``.</doc>
<msg timestamp="20210429 13:07:29.746" level="INFO">Typing text 'Adminpap02!' into text field 'name=passwd'.</msg>
<status status="PASS" starttime="20210429 13:07:29.746" endtime="20210429 13:07:29.810"/>
</kw>
<kw name="Click Element" library="SeleniumLibrary">
<arg>xpath=//*[@id="login"]</arg>
<doc>Click the element identified by ``locator``.</doc>
<msg timestamp="20210429 13:07:29.811" level="INFO">Clicking element 'xpath=//*[@id="login"]'.</msg>
<status status="PASS" starttime="20210429 13:07:29.810" endtime="20210429 13:07:32.995"/>
</kw>
<status status="PASS" starttime="20210429 13:07:29.607" endtime="20210429 13:07:32.995"/>
</kw>
<status status="PASS" starttime="20210429 13:07:26.095" endtime="20210429 13:07:32.996"/>
</test>
<test id="s1-t2" name="Deploy overlay default mesh">
<kw name="Set Selenium Speed" library="SeleniumLibrary">
<arg>0.1s</arg>
<doc>Sets the delay that is waited after each Selenium command.</doc>
<status status="PASS" starttime="20210429 13:07:32.998" endtime="20210429 13:07:32.999"/>
</kw>
<kw name="deploy default mesh overlay1" library="partner">
<kw name="Click Element" library="SeleniumLibrary">
<arg>id=dwhpMenuPartnerSitesheaderList</arg>
<doc>Click the element identified by ``locator``.</doc>
<msg timestamp="20210429 13:07:33.001" level="INFO">Clicking element 'id=dwhpMenuPartnerSitesheaderList'.</msg>
<status status="PASS" starttime="20210429 13:07:33.000" endtime="20210429 13:07:33.663"/>
</kw>
<kw name="Wait Until Page Contains Element" library="SeleniumLibrary">
<arg>id=hpMenuSitesText</arg>
<doc>Waits until the element ``locator`` appears on the current page.</doc>
<status status="PASS" starttime="20210429 13:07:33.663" endtime="20210429 13:07:33.775"/>
</kw>
<kw name="Click Element" library="SeleniumLibrary">
<arg>id=hpMenuSitesText</arg>
<doc>Click the element identified by ``locator``.</doc>
<msg timestamp="20210429 13:07:33.776" level="INFO">Clicking element 'id=hpMenuSitesText'.</msg>
<status status="PASS" starttime="20210429 13:07:33.775" endtime="20210429 13:07:34.030"/>
</kw>
<kw name="Wait Until Page Contains Element" library="SeleniumLibrary">
<arg>//*[@id="siteDataTable"]/tbody/tr[3]/td[8]/span/span</arg>
<doc>Waits until the element ``locator`` appears on the current page.</doc>
<status status="PASS" starttime="20210429 13:07:34.030" endtime="20210429 13:07:36.458"/>
</kw>
<for flavor="IN RANGE">
<var>${numsite}</var>
<value>1</value>
<value>4</value>
<iter>
<var name="${numsite}">1</var>
<kw name="Click Element" library="SeleniumLibrary">
<arg>//*[@id="siteDataTable"]/tbody/tr[${numsite}]/td[12]/div/a/i</arg>
<doc>Click the element identified by ``locator``.</doc>
<msg timestamp="20210429 13:07:36.459" level="INFO">Clicking element '//*[@id="siteDataTable"]/tbody/tr[1]/td[12]/div/a/i'.</msg>
<status status="PASS" starttime="20210429 13:07:36.459" endtime="20210429 13:07:36.707"/>
</kw>
<kw name="Wait Until Page Contains Element" library="SeleniumLibrary">
<arg>//*[@id="siteDataTable"]/tbody/tr[${numsite}]/td[12]/div/div/a[2]</arg>
<doc>Waits until the element ``locator`` appears on the current page.</doc>
<status status="PASS" starttime="20210429 13:07:36.707" endtime="20210429 13:07:36.816"/>
</kw>
<kw name="Click Element" library="SeleniumLibrary">
<arg>//*[@id="siteDataTable"]/tbody/tr[${numsite}]/td[12]/div/div/a[2]</arg>
<doc>Click the element identified by ``locator``.</doc>
<msg timestamp="20210429 13:07:36.817" level="INFO">Clicking element '//*[@id="siteDataTable"]/tbody/tr[1]/td[12]/div/div/a[2]'.</msg>
<status status="PASS" starttime="20210429 13:07:36.816" endtime="20210429 13:07:39.526"/>
</kw>
<kw name="Wait Until Page Contains Element" library="SeleniumLibrary">
<arg>//*[@id="addsite_modal"]/div/div/div[2]/div/button[3]</arg>
<doc>Waits until the element ``locator`` appears on the current page.</doc>
<status status="PASS" starttime="20210429 13:07:39.526" endtime="20210429 13:07:39.639"/>
</kw>
<kw name="Click Element" library="SeleniumLibrary">
<arg>//*[@id="addsite_modal"]/div/div/div[2]/div/button[3]</arg>
<doc>Click the element identified by ``locator``.</doc>
<msg timestamp="20210429 13:07:39.639" level="INFO">Clicking element '//*[@id="addsite_modal"]/div/div/div[2]/div/button[3]'.</msg>
<status status="PASS" starttime="20210429 13:07:39.639" endtime="20210429 13:07:39.885"/>
</kw>
<kw name="Click Element" library="SeleniumLibrary">
<arg>id=check1</arg>
<doc>Click the element identified by ``locator``.</doc>
<msg timestamp="20210429 13:07:39.886" level="INFO">Clicking element 'id=check1'.</msg>
<status status="PASS" starttime="20210429 13:07:39.886" endtime="20210429 13:07:40.139"/>
</kw>
<kw name="Click Element" library="SeleniumLibrary">
<arg>id=arrowViewleft</arg>
<doc>Click the element identified by ``locator``.</doc>
<msg timestamp="20210429 13:07:40.140" level="INFO">Clicking element 'id=arrowViewleft'.</msg>
<status status="PASS" starttime="20210429 13:07:40.139" endtime="20210429 13:07:40.652"/>
</kw>
<if>
<branch type="IF" condition="${numsite} == 1">
<kw name="Click Element" library="SeleniumLibrary">
<arg>id=routeReflector</arg>
<doc>Click the element identified by ``locator``.</doc>
<msg timestamp="20210429 13:07:40.653" level="INFO">Clicking element 'id=routeReflector'.</msg>
<status status="PASS" starttime="20210429 13:07:40.653" endtime="20210429 13:07:41.141"/>
</kw>
<status status="PASS" starttime="20210429 13:07:40.652" endtime="20210429 13:07:41.141"/>
</branch>
<status status="PASS" starttime="20210429 13:07:40.652" endtime="20210429 13:07:41.141"/>
</if>
<kw name="Click Element" library="SeleniumLibrary">
<arg>id=addSiteBtn</arg>
<doc>Click the element identified by ``locator``.</doc>
<msg timestamp="20210429 13:07:41.141" level="INFO">Clicking element 'id=addSiteBtn'.</msg>
<status status="PASS" starttime="20210429 13:07:41.141" endtime="20210429 13:07:43.495"/>
</kw>
<kw name="Wait Until Page Contains Element" library="SeleniumLibrary">
<arg>//*[@id="siteDataTable"]/tbody/tr[3]/td[8]/span/span</arg>
<doc>Waits until the element ``locator`` appears on the current page.</doc>
<status status="PASS" starttime="20210429 13:07:43.495" endtime="20210429 13:07:44.183"/>
</kw>
<status status="PASS" starttime="20210429 13:07:36.459" endtime="20210429 13:07:44.183"/>
</iter>
<iter>
<var name="${numsite}">2</var>
<kw name="Click Element" library="SeleniumLibrary">
<arg>//*[@id="siteDataTable"]/tbody/tr[${numsite}]/td[12]/div/a/i</arg>
<doc>Click the element identified by ``locator``.</doc>
<msg timestamp="20210429 13:07:44.184" level="INFO">Clicking element '//*[@id="siteDataTable"]/tbody/tr[2]/td[12]/div/a/i'.</msg>
<status status="PASS" starttime="20210429 13:07:44.184" endtime="20210429 13:07:44.424"/>
</kw>
<kw name="Wait Until Page Contains Element" library="SeleniumLibrary">
<arg>//*[@id="siteDataTable"]/tbody/tr[${numsite}]/td[12]/div/div/a[2]</arg>
<doc>Waits until the element ``locator`` appears on the current page.</doc>
<status status="PASS" starttime="20210429 13:07:44.424" endtime="20210429 13:07:44.535"/>
</kw>
<kw name="Click Element" library="SeleniumLibrary">
<arg>//*[@id="siteDataTable"]/tbody/tr[${numsite}]/td[12]/div/div/a[2]</arg>
<doc>Click the element identified by ``locator``.</doc>
<msg timestamp="20210429 13:07:44.535" level="INFO">Clicking element '//*[@id="siteDataTable"]/tbody/tr[2]/td[12]/div/div/a[2]'.</msg>
<status status="PASS" starttime="20210429 13:07:44.535" endtime="20210429 13:07:47.990"/>
</kw>
<kw name="Wait Until Page Contains Element" library="SeleniumLibrary">
<arg>//*[@id="addsite_modal"]/div/div/div[2]/div/button[3]</arg>
<doc>Waits until the element ``locator`` appears on the current page.</doc>
<status status="PASS" starttime="20210429 13:07:47.990" endtime="20210429 13:07:48.100"/>
</kw>
<kw name="Click Element" library="SeleniumLibrary">
<arg>//*[@id="addsite_modal"]/div/div/div[2]/div/button[3]</arg>
<doc>Click the element identified by ``locator``.</doc>
<msg timestamp="20210429 13:07:48.100" level="INFO">Clicking element '//*[@id="addsite_modal"]/div/div/div[2]/div/button[3]'.</msg>
<status status="PASS" starttime="20210429 13:07:48.100" endtime="20210429 13:07:48.349"/>
</kw>
<kw name="Click Element" library="SeleniumLibrary">
<arg>id=check1</arg>
<doc>Click the element identified by ``locator``.</doc>
<msg timestamp="20210429 13:07:48.349" level="INFO">Clicking element 'id=check1'.</msg>
<status status="PASS" starttime="20210429 13:07:48.349" endtime="20210429 13:07:48.602"/>
</kw>
<kw name="Click Element" library="SeleniumLibrary">
<arg>id=arrowViewleft</arg>
<doc>Click the element identified by ``locator``.</doc>
<msg timestamp="20210429 13:07:48.602" level="INFO">Clicking element 'id=arrowViewleft'.</msg>
<status status="PASS" starttime="20210429 13:07:48.602" endtime="20210429 13:07:48.834"/>
</kw>
<if>
<branch type="IF" condition="${numsite} == 1">
<kw name="Click Element" library="SeleniumLibrary">
<arg>id=routeReflector</arg>
<doc>Click the element identified by ``locator``.</doc>
<status status="NOT RUN" starttime="20210429 13:07:48.835" endtime="20210429 13:07:48.835"/>
</kw>
<status status="NOT RUN" starttime="20210429 13:07:48.834" endtime="20210429 13:07:48.835"/>
</branch>
<status status="PASS" starttime="20210429 13:07:48.834" endtime="20210429 13:07:48.835"/>
</if>
<kw name="Click Element" library="SeleniumLibrary">
<arg>id=addSiteBtn</arg>
<doc>Click the element identified by ``locator``.</doc>
<msg timestamp="20210429 13:07:48.835" level="INFO">Clicking element 'id=addSiteBtn'.</msg>
<status status="PASS" starttime="20210429 13:07:48.835" endtime="20210429 13:07:52.019"/>
</kw>
<kw name="Wait Until Page Contains Element" library="SeleniumLibrary">
<arg>//*[@id="siteDataTable"]/tbody/tr[3]/td[8]/span/span</arg>
<doc>Waits until the element ``locator`` appears on the current page.</doc>
<status status="PASS" starttime="20210429 13:07:52.019" endtime="20210429 13:07:53.328"/>
</kw>
<status status="PASS" starttime="20210429 13:07:44.183" endtime="20210429 13:07:53.328"/>
</iter>
<iter>
<var name="${numsite}">3</var>
<kw name="Click Element" library="SeleniumLibrary">
<arg>//*[@id="siteDataTable"]/tbody/tr[${numsite}]/td[12]/div/a/i</arg>
<doc>Click the element identified by ``locator``.</doc>
<msg timestamp="20210429 13:07:53.328" level="INFO">Clicking element '//*[@id="siteDataTable"]/tbody/tr[3]/td[12]/div/a/i'.</msg>
<status status="PASS" starttime="20210429 13:07:53.328" endtime="20210429 13:07:53.569"/>
</kw>
<kw name="Wait Until Page Contains Element" library="SeleniumLibrary">
<arg>//*[@id="siteDataTable"]/tbody/tr[${numsite}]/td[12]/div/div/a[2]</arg>
<doc>Waits until the element ``locator`` appears on the current page.</doc>
<status status="PASS" starttime="20210429 13:07:53.569" endtime="20210429 13:07:53.684"/>
</kw>
<kw name="Click Element" library="SeleniumLibrary">
<arg>//*[@id="siteDataTable"]/tbody/tr[${numsite}]/td[12]/div/div/a[2]</arg>
<doc>Click the element identified by ``locator``.</doc>
<msg timestamp="20210429 13:07:53.684" level="INFO">Clicking element '//*[@id="siteDataTable"]/tbody/tr[3]/td[12]/div/div/a[2]'.</msg>
<status status="PASS" starttime="20210429 13:07:53.684" endtime="20210429 13:07:57.053"/>
</kw>
<kw name="Wait Until Page Contains Element" library="SeleniumLibrary">
<arg>//*[@id="addsite_modal"]/div/div/div[2]/div/button[3]</arg>
<doc>Waits until the element ``locator`` appears on the current page.</doc>
<status status="PASS" starttime="20210429 13:07:57.053" endtime="20210429 13:07:57.163"/>
</kw>
<kw name="Click Element" library="SeleniumLibrary">
<arg>//*[@id="addsite_modal"]/div/div/div[2]/div/button[3]</arg>
<doc>Click the element identified by ``locator``.</doc>
<msg timestamp="20210429 13:07:57.164" level="INFO">Clicking element '//*[@id="addsite_modal"]/div/div/div[2]/div/button[3]'.</msg>
<status status="PASS" starttime="20210429 13:07:57.163" endtime="20210429 13:07:57.405"/>
</kw>
<kw name="Click Element" library="SeleniumLibrary">
<arg>id=check1</arg>
<doc>Click the element identified by ``locator``.</doc>
<msg timestamp="20210429 13:07:57.405" level="INFO">Clicking element 'id=check1'.</msg>
<status status="PASS" starttime="20210429 13:07:57.405" endtime="20210429 13:07:57.651"/>
</kw>
<kw name="Click Element" library="SeleniumLibrary">
<arg>id=arrowViewleft</arg>
<doc>Click the element identified by ``locator``.</doc>
<msg timestamp="20210429 13:07:57.653" level="INFO">Clicking element 'id=arrowViewleft'.</msg>
<status status="PASS" starttime="20210429 13:07:57.652" endtime="20210429 13:07:58.162"/>
</kw>
<if>
<branch type="IF" condition="${numsite} == 1">
<kw name="Click Element" library="SeleniumLibrary">
<arg>id=routeReflector</arg>
<doc>Click the element identified by ``locator``.</doc>
<status status="NOT RUN" starttime="20210429 13:07:58.162" endtime="20210429 13:07:58.162"/>
</kw>
<status status="NOT RUN" starttime="20210429 13:07:58.162" endtime="20210429 13:07:58.162"/>
</branch>
<status status="PASS" starttime="20210429 13:07:58.162" endtime="20210429 13:07:58.162"/>
</if>
<kw name="Click Element" library="SeleniumLibrary">
<arg>id=addSiteBtn</arg>
<doc>Click the element identified by ``locator``.</doc>
<msg timestamp="20210429 13:07:58.163" level="INFO">Clicking element 'id=addSiteBtn'.</msg>
<status status="PASS" starttime="20210429 13:07:58.163" endtime="20210429 13:08:02.101"/>
</kw>
<kw name="Wait Until Page Contains Element" library="SeleniumLibrary">
<arg>//*[@id="siteDataTable"]/tbody/tr[3]/td[8]/span/span</arg>
<doc>Waits until the element ``locator`` appears on the current page.</doc>
<status status="PASS" starttime="20210429 13:08:02.101" endtime="20210429 13:08:02.793"/>
</kw>
<status status="PASS" starttime="20210429 13:07:53.328" endtime="20210429 13:08:02.794"/>
</iter>
<status status="PASS" starttime="20210429 13:07:36.458" endtime="20210429 13:08:02.794"/>
</for>
<status status="PASS" starttime="20210429 13:07:32.999" endtime="20210429 13:08:02.794"/>
</kw>
<status status="PASS" starttime="20210429 13:07:32.997" endtime="20210429 13:08:02.795"/>
</test>
<kw name="End Web Test" library="common" type="TEARDOWN">
<kw name="Close Browser" library="SeleniumLibrary">
<doc>Closes the current browser.</doc>
<status status="PASS" starttime="20210429 13:08:02.801" endtime="20210429 13:08:05.160"/>
</kw>
<status status="PASS" starttime="20210429 13:08:02.800" endtime="20210429 13:08:05.161"/>
</kw>
<status status="PASS" starttime="20210429 13:07:24.180" endtime="20210429 13:08:05.161"/>
</suite>
<statistics>
<total>
<stat pass="2" fail="0" skip="0">All Tests</stat>
</total>
<tag>
</tag>
<suite>
<stat pass="2" fail="0" skip="0" id="s1" name="Main">Main</stat>
</suite>
</statistics>
<errors>
</errors>
</robot>
