<?xml version="1.0" encoding="UTF-8"?>
<robot generator="Robot 4.0.1 (Python 3.7.9 on win32)" generated="20210506 14:43:16.100" rpa="false" schemaversion="2">
<suite id="s1" name="Main" source="C:\Users\biak\Desktop\UI_automation\director_autoui_robotselenium_updated3\director_autoui_robotselenium_updated\04_Test-deploy-overlay-default_hs\main.robot">
<kw name="Begin Web Test" library="common" type="SETUP">
<kw name="Open Browser" library="SeleniumLibrary">
<arg>about:blank</arg>
<arg>${BROWSER}</arg>
<doc>Opens a new browser instance to the optional ``url``.</doc>
<msg timestamp="20210506 14:43:16.449" level="INFO">Opening browser 'chrome' to base url 'about:blank'.</msg>
<status status="PASS" starttime="20210506 14:43:16.449" endtime="20210506 14:43:17.700"/>
</kw>
<kw name="Maximize Browser Window" library="SeleniumLibrary">
<doc>Maximizes current browser window.</doc>
<status status="PASS" starttime="20210506 14:43:17.700" endtime="20210506 14:43:17.809"/>
</kw>
<kw name="Set Window Size" library="SeleniumLibrary">
<arg>1600</arg>
<arg>1200</arg>
<doc>Sets current windows size to given ``width`` and ``height``.</doc>
<status status="PASS" starttime="20210506 14:43:17.809" endtime="20210506 14:43:18.028"/>
</kw>
<status status="PASS" starttime="20210506 14:43:16.448" endtime="20210506 14:43:18.028"/>
</kw>
<test id="s1-t1" name="login">
<kw name="charger la page web" library="partner">
<kw name="Go To" library="SeleniumLibrary">
<arg>${DIRECTOR_URL}</arg>
<doc>Navigates the current browser window to the provided ``url``.</doc>
<msg timestamp="20210506 14:43:18.030" level="INFO">Opening url 'https://10.1.20.4:4443/titan-ui/login.php'</msg>
<status status="PASS" starttime="20210506 14:43:18.029" endtime="20210506 14:43:18.415"/>
</kw>
<kw name="Click Element" library="SeleniumLibrary">
<arg>id=details-button</arg>
<doc>Click the element identified by ``locator``.</doc>
<msg timestamp="20210506 14:43:18.416" level="INFO">Clicking element 'id=details-button'.</msg>
<status status="PASS" starttime="20210506 14:43:18.416" endtime="20210506 14:43:18.458"/>
</kw>
<kw name="Click Element" library="SeleniumLibrary">
<arg>id=proceed-link</arg>
<doc>Click the element identified by ``locator``.</doc>
<msg timestamp="20210506 14:43:18.458" level="INFO">Clicking element 'id=proceed-link'.</msg>
<status status="PASS" starttime="20210506 14:43:18.458" endtime="20210506 14:43:21.965"/>
</kw>
<kw name="Wait Until Page Contains" library="SeleniumLibrary">
<arg>Login</arg>
<doc>Waits until ``text`` appears on the current page.</doc>
<status status="PASS" starttime="20210506 14:43:21.965" endtime="20210506 14:43:21.976"/>
</kw>
<status status="PASS" starttime="20210506 14:43:18.029" endtime="20210506 14:43:21.977"/>
</kw>
<kw name="login partner level1" library="partner">
<kw name="Clear Element Text" library="SeleniumLibrary">
<arg>name=uname</arg>
<doc>Clears the value of the text-input-element identified by ``locator``.</doc>
<status status="PASS" starttime="20210506 14:43:21.977" endtime="20210506 14:43:22.011"/>
</kw>
<kw name="Input Text" library="SeleniumLibrary">
<arg>name=uname</arg>
<arg>${PARTNER_LOGIN}</arg>
<doc>Types the given ``text`` into the text field identified by ``locator``.</doc>
<msg timestamp="20210506 14:43:22.012" level="INFO">Typing text 'admin@pap01.com' into text field 'name=uname'.</msg>
<status status="PASS" starttime="20210506 14:43:22.012" endtime="20210506 14:43:22.072"/>
</kw>
<kw name="Clear Element Text" library="SeleniumLibrary">
<arg>name=passwd</arg>
<doc>Clears the value of the text-input-element identified by ``locator``.</doc>
<status status="PASS" starttime="20210506 14:43:22.072" endtime="20210506 14:43:22.104"/>
</kw>
<kw name="Input Text" library="SeleniumLibrary">
<arg>name=passwd</arg>
<arg>${NEW_PARTNER_PASSWORD}</arg>
<doc>Types the given ``text`` into the text field identified by ``locator``.</doc>
<msg timestamp="20210506 14:43:22.105" level="INFO">Typing text 'Adminpap02!' into text field 'name=passwd'.</msg>
<status status="PASS" starttime="20210506 14:43:22.104" endtime="20210506 14:43:22.157"/>
</kw>
<kw name="Click Element" library="SeleniumLibrary">
<arg>xpath=//*[@id="login"]</arg>
<doc>Click the element identified by ``locator``.</doc>
<msg timestamp="20210506 14:43:22.158" level="INFO">Clicking element 'xpath=//*[@id="login"]'.</msg>
<status status="PASS" starttime="20210506 14:43:22.157" endtime="20210506 14:43:25.932"/>
</kw>
<status status="PASS" starttime="20210506 14:43:21.977" endtime="20210506 14:43:25.933"/>
</kw>
<status status="PASS" starttime="20210506 14:43:18.029" endtime="20210506 14:43:25.933"/>
</test>
<test id="s1-t2" name="Deploy overlay default hs">
<kw name="Set Selenium Speed" library="SeleniumLibrary">
<arg>0.1s</arg>
<doc>Sets the delay that is waited after each Selenium command.</doc>
<status status="PASS" starttime="20210506 14:43:25.934" endtime="20210506 14:43:25.934"/>
</kw>
<kw name="deploy default hs overlay" library="partner">
<kw name="Click Element" library="SeleniumLibrary">
<arg>id=dwhpMenuOverlaysheaderList</arg>
<doc>Click the element identified by ``locator``.</doc>
<msg timestamp="20210506 14:43:25.935" level="INFO">Clicking element 'id=dwhpMenuOverlaysheaderList'.</msg>
<status status="PASS" starttime="20210506 14:43:25.935" endtime="20210506 14:43:26.409"/>
</kw>
<kw name="Wait Until Page Contains Element" library="SeleniumLibrary">
<arg>id=dwhpMenuOverlay</arg>
<doc>Waits until the element ``locator`` appears on the current page.</doc>
<status status="PASS" starttime="20210506 14:43:26.409" endtime="20210506 14:43:26.518"/>
</kw>
<kw name="Click Element" library="SeleniumLibrary">
<arg>id=dwhpMenuOverlay</arg>
<doc>Click the element identified by ``locator``.</doc>
<msg timestamp="20210506 14:43:26.518" level="INFO">Clicking element 'id=dwhpMenuOverlay'.</msg>
<status status="PASS" starttime="20210506 14:43:26.518" endtime="20210506 14:43:26.767"/>
</kw>
<kw name="Wait Until Page Contains Element" library="SeleniumLibrary">
<arg>//*[@id="overlayDataTable_wrapper"]/div[1]/a[1]</arg>
<doc>Waits until the element ``locator`` appears on the current page.</doc>
<status status="PASS" starttime="20210506 14:43:26.767" endtime="20210506 14:43:28.243"/>
</kw>
<kw name="Click Element" library="SeleniumLibrary">
<arg>//*[@id="overlayDataTable_wrapper"]/div[1]/a[1]</arg>
<doc>Click the element identified by ``locator``.</doc>
<msg timestamp="20210506 14:43:28.244" level="INFO">Clicking element '//*[@id="overlayDataTable_wrapper"]/div[1]/a[1]'.</msg>
<status status="PASS" starttime="20210506 14:43:28.243" endtime="20210506 14:43:28.860"/>
</kw>
<kw name="Clear Element Text" library="SeleniumLibrary">
<arg>id=overlayName</arg>
<doc>Clears the value of the text-input-element identified by ``locator``.</doc>
<status status="PASS" starttime="20210506 14:43:28.860" endtime="20210506 14:43:29.095"/>
</kw>
<kw name="Input Text" library="SeleniumLibrary">
<arg>id=overlayName</arg>
<arg>Default_hs</arg>
<doc>Types the given ``text`` into the text field identified by ``locator``.</doc>
<msg timestamp="20210506 14:43:29.095" level="INFO">Typing text 'Default_hs' into text field 'id=overlayName'.</msg>
<status status="PASS" starttime="20210506 14:43:29.095" endtime="20210506 14:43:29.518"/>
</kw>
<kw name="Click Element" library="SeleniumLibrary">
<arg>id=topology1</arg>
<doc>Click the element identified by ``locator``.</doc>
<msg timestamp="20210506 14:43:29.520" level="INFO">Clicking element 'id=topology1'.</msg>
<status status="PASS" starttime="20210506 14:43:29.519" endtime="20210506 14:43:29.866"/>
</kw>
<kw name="Click Element" library="SeleniumLibrary">
<arg>id=WanLink</arg>
<doc>Click the element identified by ``locator``.</doc>
<msg timestamp="20210506 14:43:29.866" level="INFO">Clicking element 'id=WanLink'.</msg>
<status status="PASS" starttime="20210506 14:43:29.866" endtime="20210506 14:43:30.522"/>
</kw>
<kw name="Click Element" library="SeleniumLibrary">
<arg>//*[@id="WanLink"]/span/span[1]/span/ul/li[1]</arg>
<doc>Click the element identified by ``locator``.</doc>
<msg timestamp="20210506 14:43:30.524" level="INFO">Clicking element '//*[@id="WanLink"]/span/span[1]/span/ul/li[1]'.</msg>
<status status="PASS" starttime="20210506 14:43:30.523" endtime="20210506 14:43:30.803"/>
</kw>
<kw name="Wait Until Page Contains" library="SeleniumLibrary">
<arg>internet</arg>
<doc>Waits until ``text`` appears on the current page.</doc>
<status status="PASS" starttime="20210506 14:43:30.803" endtime="20210506 14:43:30.917"/>
</kw>
<kw name="Click Button" library="SeleniumLibrary">
<arg>//*[@id="addOverlayBtn"]</arg>
<doc>Clicks the button identified by ``locator``.</doc>
<msg timestamp="20210506 14:43:30.919" level="INFO">Clicking button '//*[@id="addOverlayBtn"]'.</msg>
<status status="PASS" starttime="20210506 14:43:30.918" endtime="20210506 14:43:31.538"/>
</kw>
<status status="PASS" starttime="20210506 14:43:25.935" endtime="20210506 14:43:31.539"/>
</kw>
<status status="PASS" starttime="20210506 14:43:25.933" endtime="20210506 14:43:31.539"/>
</test>
<kw name="End Web Test" library="common" type="TEARDOWN">
<kw name="Close Browser" library="SeleniumLibrary">
<doc>Closes the current browser.</doc>
<status status="PASS" starttime="20210506 14:43:31.544" endtime="20210506 14:43:33.760"/>
</kw>
<status status="PASS" starttime="20210506 14:43:31.543" endtime="20210506 14:43:33.760"/>
</kw>
<status status="PASS" starttime="20210506 14:43:16.104" endtime="20210506 14:43:33.760"/>
</suite>
<statistics>
<total>
<stat pass="2" fail="0" skip="0">All Tests</stat>
</total>
<tag>
</tag>
<suite>
<stat pass="2" fail="0" skip="0" id="s1" name="Main">Main</stat>
</suite>
</statistics>
<errors>
</errors>
</robot>
